<?xml version="1.0" encoding="UTF-8"?>
<!-- Generated by org.testng.reporters.JUnitReportReporter -->
<testsuite hostname="DESKTOP-742EPCP" failures="0" tests="2" name="RunRegistrarseTest" time="17.699" errors="0" timestamp="2024-12-02T16:10:26 CET" skipped="0">
  <testcase classname="RunRegistrarseTest" name="runScenario" time="12.968"/>
  <testcase classname="RunRegistrarseTest" name="runScenario" time="4.731"/>
</testsuite> <!-- RunRegistrarseTest -->
