<?xml version="1.0" encoding="UTF-8"?>
<!-- Generated by org.testng.reporters.JUnitReportReporter -->
<testsuite hostname="DESKTOP-742EPCP" failures="0" tests="2" name="RunExampleTest" time="68.506" errors="0" timestamp="2024-12-02T16:29:40 CET" skipped="0">
  <testcase classname="RunExampleTest" name="runScenario" time="34.709"/>
  <testcase classname="RunExampleTest" name="runScenario" time="33.797"/>
</testsuite> <!-- RunExampleTest -->
