<?xml version="1.0" encoding="UTF-8"?>
<!-- Generated by org.testng.reporters.JUnitReportReporter -->
<testsuite hostname="Maria_HP" failures="0" tests="2" name="DetallProducteTest" time="11.510" errors="0" timestamp="2025-01-02T18:47:37 CET" skipped="0">
  <testcase classname="DetallProducteTest" name="runScenario" time="6.111"/>
  <testcase classname="DetallProducteTest" name="runScenario" time="5.399"/>
</testsuite> <!-- DetallProducteTest -->
