<?xml version="1.0" encoding="UTF-8"?>
<!-- Generated by org.testng.reporters.JUnitReportReporter -->
<testsuite hostname="DESKTOP-742EPCP" failures="0" tests="8" name="VisualitzarCategoriesTest" time="37.816" errors="0" timestamp="2024-12-03T13:28:28 CET" skipped="0">
  <testcase classname="VisualitzarCategoriesTest" name="runScenario" time="6.224"/>
  <testcase classname="VisualitzarCategoriesTest" name="runScenario" time="4.168"/>
  <testcase classname="VisualitzarCategoriesTest" name="runScenario" time="5.072"/>
  <testcase classname="VisualitzarCategoriesTest" name="runScenario" time="4.120"/>
  <testcase classname="VisualitzarCategoriesTest" name="runScenario" time="4.225"/>
  <testcase classname="VisualitzarCategoriesTest" name="runScenario" time="3.839"/>
  <testcase classname="VisualitzarCategoriesTest" name="runScenario" time="5.866"/>
  <testcase classname="VisualitzarCategoriesTest" name="runScenario" time="4.302"/>
</testsuite> <!-- VisualitzarCategoriesTest -->
