<?xml version="1.0" encoding="UTF-8"?>
<!-- Generated by org.testng.reporters.JUnitReportReporter -->
<testsuite hostname="DESKTOP-742EPCP" failures="0" tests="8" name="VisualitzarCategoriesTest" time="28.433" errors="0" timestamp="2024-12-02T23:16:34 CET" skipped="0">
  <testcase classname="VisualitzarCategoriesTest" name="runScenario" time="3.526"/>
  <testcase classname="VisualitzarCategoriesTest" name="runScenario" time="3.903"/>
  <testcase classname="VisualitzarCategoriesTest" name="runScenario" time="3.465"/>
  <testcase classname="VisualitzarCategoriesTest" name="runScenario" time="3.598"/>
  <testcase classname="VisualitzarCategoriesTest" name="runScenario" time="3.491"/>
  <testcase classname="VisualitzarCategoriesTest" name="runScenario" time="3.506"/>
  <testcase classname="VisualitzarCategoriesTest" name="runScenario" time="3.446"/>
  <testcase classname="VisualitzarCategoriesTest" name="runScenario" time="3.498"/>
</testsuite> <!-- VisualitzarCategoriesTest -->
