<?xml version="1.0" encoding="UTF-8"?>
<!-- Generated by org.testng.reporters.JUnitReportReporter -->
<testsuite hostname="DESKTOP-742EPCP" failures="0" tests="5" name="RegisterTest" time="25.381" errors="0" timestamp="2024-12-04T12:38:19 CET" skipped="0">
  <testcase classname="RegisterTest" name="runScenario" time="6.254"/>
  <testcase classname="RegisterTest" name="runScenario" time="4.931"/>
  <testcase classname="RegisterTest" name="runScenario" time="4.909"/>
  <testcase classname="RegisterTest" name="runScenario" time="4.470"/>
  <testcase classname="RegisterTest" name="runScenario" time="4.817"/>
</testsuite> <!-- RegisterTest -->
