<?xml version="1.0" encoding="UTF-8"?>
<!-- Generated by org.testng.reporters.JUnitReportReporter -->
<testsuite hostname="Maria_HP" failures="0" tests="2" name="SearchProductTest" time="10.268" errors="0" timestamp="2024-12-29T13:36:01 CET" skipped="0">
  <testcase classname="SearchProductTest" name="runScenario" time="5.687"/>
  <testcase classname="SearchProductTest" name="runScenario" time="4.581"/>
</testsuite> <!-- SearchProductTest -->
