<?xml version="1.0" encoding="UTF-8"?>
<!-- Generated by org.testng.reporters.JUnitReportReporter -->
<testsuite hostname="Maria_HP" failures="0" tests="1" name="DeleteProductCarritoTest" time="8.023" errors="0" timestamp="2025-01-02T19:35:58 CET" skipped="0">
  <testcase classname="DeleteProductCarritoTest" name="runScenario" time="8.023"/>
</testsuite> <!-- DeleteProductCarritoTest -->
