<?xml version="1.0" encoding="UTF-8"?>
<!-- Generated by org.testng.reporters.JUnitReportReporter -->
<testsuite hostname="DESKTOP-742EPCP" failures="0" tests="3" name="IniciarSessioTest" time="12.558" errors="0" timestamp="2024-12-04T15:51:01 CET" skipped="0">
  <testcase classname="IniciarSessioTest" name="runScenario" time="4.716"/>
  <testcase classname="IniciarSessioTest" name="runScenario" time="3.846"/>
  <testcase classname="IniciarSessioTest" name="runScenario" time="3.996"/>
</testsuite> <!-- IniciarSessioTest -->
