<?xml version="1.0" encoding="UTF-8"?>
<!-- Generated by org.testng.reporters.JUnitReportReporter -->
<testsuite hostname="DESKTOP-742EPCP" failures="0" tests="1" name="LogoutTest" time="5.487" errors="0" timestamp="2024-12-04T16:49:08 CET" skipped="0">
  <testcase classname="LogoutTest" name="runScenario" time="5.487"/>
</testsuite> <!-- LogoutTest -->
