<?xml version="1.0" encoding="UTF-8"?>
<!-- Generated by org.testng.reporters.JUnitReportReporter -->
<testsuite hostname="DESKTOP-742EPCP" failures="0" tests="1" name="LogoutTest" time="5.503" errors="0" timestamp="2024-12-06T13:58:04 CET" skipped="0">
  <testcase classname="LogoutTest" name="runScenario" time="5.503"/>
</testsuite> <!-- LogoutTest -->
