<?xml version="1.0" encoding="UTF-8"?>
<!-- Generated by org.testng.reporters.JUnitReportReporter -->
<testsuite hostname="DESKTOP-742EPCP" failures="0" tests="1" name="VeureWishlistTest" time="5.401" errors="0" timestamp="2024-12-07T11:38:53 CET" skipped="0">
  <testcase classname="VeureWishlistTest" name="runScenario" time="5.401"/>
</testsuite> <!-- VeureWishlistTest -->
