<?xml version="1.0" encoding="UTF-8"?>
<!-- Generated by org.testng.reporters.JUnitReportReporter -->
<testsuite hostname="Maria_HP" failures="0" tests="1" name="ModifyCartQuantityTest" time="6.915" errors="0" timestamp="2025-01-04T19:07:32 CET" skipped="0">
  <testcase classname="ModifyCartQuantityTest" name="runScenario" time="6.915"/>
</testsuite> <!-- ModifyCartQuantityTest -->
