<?xml version="1.0" encoding="UTF-8"?>
<!-- Generated by org.testng.reporters.JUnitReportReporter -->
<testsuite hostname="Maria_HP" failures="0" tests="1" name="VisualitzarContactUsTest" time="4.986" errors="0" timestamp="2024-12-11T19:59:03 CET" skipped="0">
  <testcase classname="VisualitzarContactUsTest" name="runScenario" time="4.986"/>
</testsuite> <!-- VisualitzarContactUsTest -->
