<?xml version="1.0" encoding="UTF-8"?>
<!-- Generated by org.testng.reporters.JUnitReportReporter -->
<testsuite hostname="Maria_HP" failures="0" tests="2" name="VisualitzarCarritoTest" time="9.906" errors="0" timestamp="2025-01-02T20:23:02 CET" skipped="0">
  <testcase classname="VisualitzarCarritoTest" name="runScenario" time="5.683"/>
  <testcase classname="VisualitzarCarritoTest" name="runScenario" time="4.223"/>
</testsuite> <!-- VisualitzarCarritoTest -->
