<?xml version="1.0" encoding="UTF-8"?>
<!-- Generated by org.testng.reporters.JUnitReportReporter -->
<testsuite hostname="Maria_HP" failures="0" tests="1" name="AfegirCarritoTest" time="6.105" errors="0" timestamp="2024-12-11T18:44:28 CET" skipped="0">
  <testcase classname="AfegirCarritoTest" name="runScenario" time="6.105"/>
</testsuite> <!-- AfegirCarritoTest -->
