<?xml version="1.0" encoding="UTF-8"?>
<!-- Generated by org.testng.reporters.JUnitReportReporter -->
<testsuite hostname="DESKTOP-742EPCP" failures="0" tests="1" name="EliminarWishlistTest" time="6.118" errors="0" timestamp="2024-12-07T12:16:08 CET" skipped="0">
  <testcase classname="EliminarWishlistTest" name="runScenario" time="6.118"/>
</testsuite> <!-- EliminarWishlistTest -->
