<?xml version="1.0" encoding="UTF-8"?>
<!-- Generated by org.testng.reporters.JUnitReportReporter -->
<testsuite hostname="DESKTOP-742EPCP" failures="0" tests="2" name="RunRegistrarseTest" time="11.917" errors="0" timestamp="2024-12-02T15:41:02 CET" skipped="0">
  <testcase classname="RunRegistrarseTest" name="runScenario" time="6.190"/>
  <testcase classname="RunRegistrarseTest" name="runScenario" time="5.727"/>
</testsuite> <!-- RunRegistrarseTest -->
