<?xml version="1.0" encoding="UTF-8"?>
<!-- Generated by org.testng.reporters.JUnitReportReporter -->
<testsuite hostname="DESKTOP-742EPCP" failures="0" tests="1" name="AfegirWishlistTest" time="4.283" errors="0" timestamp="2024-12-06T13:19:46 CET" skipped="0">
  <testcase classname="AfegirWishlistTest" name="runScenario" time="4.283"/>
</testsuite> <!-- AfegirWishlistTest -->
