<?xml version="1.0" encoding="UTF-8"?>
<!-- Generated by org.testng.reporters.JUnitReportReporter -->
<testsuite hostname="DESKTOP-742EPCP" failures="0" tests="3" name="IniciarSessioTest" time="12.888" errors="0" timestamp="2024-12-04T20:01:02 CET" skipped="0">
  <testcase classname="IniciarSessioTest" name="runScenario" time="4.800"/>
  <testcase classname="IniciarSessioTest" name="runScenario" time="3.948"/>
  <testcase classname="IniciarSessioTest" name="runScenario" time="4.140"/>
</testsuite> <!-- IniciarSessioTest -->
