<?xml version="1.0" encoding="UTF-8"?>
<!-- Generated by org.testng.reporters.JUnitReportReporter -->
<testsuite hostname="Maria_HP" failures="0" tests="1" name="VisualitzarPerfilTest" time="6.061" errors="0" timestamp="2024-12-28T19:10:25 CET" skipped="0">
  <testcase classname="VisualitzarPerfilTest" name="runScenario" time="6.061"/>
</testsuite> <!-- VisualitzarPerfilTest -->
