<?xml version="1.0" encoding="UTF-8"?>
<!-- Generated by org.testng.reporters.JUnitReportReporter -->
<testsuite hostname="Maria_HP" failures="0" tests="1" name="VisualitzarContactUsTest" time="4.295" errors="0" timestamp="2025-01-02T20:07:31 CET" skipped="0">
  <testcase classname="VisualitzarContactUsTest" name="runScenario" time="4.295"/>
</testsuite> <!-- VisualitzarContactUsTest -->
