<?xml version="1.0" encoding="UTF-8"?>
<!-- Generated by org.testng.reporters.JUnitReportReporter -->
<testsuite hostname="Maria_HP" failures="0" tests="1" name="VisualitzarPerfilTest" time="6.799" errors="0" timestamp="2025-01-02T20:07:31 CET" skipped="0">
  <testcase classname="VisualitzarPerfilTest" name="runScenario" time="6.799"/>
</testsuite> <!-- VisualitzarPerfilTest -->
