<?xml version="1.0" encoding="UTF-8"?>
<!-- Generated by org.testng.reporters.JUnitReportReporter -->
<testsuite hostname="Maria_HP" failures="0" tests="1" name="VeureWishlistTest" time="7.922" errors="0" timestamp="2024-12-29T13:28:50 CET" skipped="0">
  <testcase classname="VeureWishlistTest" name="runScenario" time="7.922"/>
</testsuite> <!-- VeureWishlistTest -->
