<?xml version="1.0" encoding="UTF-8"?>
<!-- Generated by org.testng.reporters.JUnitReportReporter -->
<testsuite hostname="Maria_HP" failures="0" tests="1" name="AfegirWishlistTest" time="4.314" errors="0" timestamp="2025-01-02T20:07:31 CET" skipped="0">
  <testcase classname="AfegirWishlistTest" name="runScenario" time="4.314"/>
</testsuite> <!-- AfegirWishlistTest -->
